2023-05-03 13:07:26,996 WARN c.z.h.p.HikariPool[HikariPool-1 housekeeper] HikariPool-1 - Thread starvation or clock leap detected (housekeeper delta=20h23m12s545ms457µs500ns).
2023-05-03 16:43:51,571 WARN c.z.h.p.HikariPool[HikariPool-1 housekeeper] HikariPool-1 - Thread starvation or clock leap detected (housekeeper delta=23m50s179ms165µs900ns).
2023-05-03 19:16:03,711 WARN j.m.r.misc[RMI TCP Connection(768)-127.0.0.1] The server has decided to close this client connection.
2023-05-03 19:16:03,411 WARN c.z.h.p.HikariPool[HikariPool-1 housekeeper] HikariPool-1 - Thread starvation or clock leap detected (housekeeper delta=1m35s465ms888µs200ns).
2023-05-03 19:16:47,800 WARN c.z.h.p.HikariPool[HikariPool-1 housekeeper] HikariPool-1 - Thread starvation or clock leap detected (housekeeper delta=48s250ms888µs400ns).
2023-05-03 19:18:01,145 WARN c.z.h.p.HikariPool[HikariPool-1 housekeeper] HikariPool-1 - Thread starvation or clock leap detected (housekeeper delta=1m13s372ms881µs400ns).
2023-05-03 19:20:38,524 WARN c.z.h.p.HikariPool[HikariPool-1 housekeeper] HikariPool-1 - Thread starvation or clock leap detected (housekeeper delta=2m36s806ms407µs300ns).
2023-05-03 19:28:36,636 WARN c.z.h.p.HikariPool[HikariPool-1 housekeeper] HikariPool-1 - Thread starvation or clock leap detected (housekeeper delta=50s292ms818µs500ns).
2023-05-03 20:02:25,180 WARN c.z.h.p.HikariPool[HikariPool-1 housekeeper] HikariPool-1 - Thread starvation or clock leap detected (housekeeper delta=1m6s487ms9µs200ns).
2023-05-03 20:03:42,372 WARN c.z.h.p.HikariPool[HikariPool-1 housekeeper] HikariPool-1 - Thread starvation or clock leap detected (housekeeper delta=1m24s477ms186µs300ns).
2023-05-03 20:49:50,072 WARN c.z.h.p.HikariPool[HikariPool-1 housekeeper] HikariPool-1 - Thread starvation or clock leap detected (housekeeper delta=20m44s204ms522µs400ns).
2023-05-03 21:11:12,198 WARN c.z.h.p.HikariPool[HikariPool-1 housekeeper] HikariPool-1 - Thread starvation or clock leap detected (housekeeper delta=21m38s565ms301µs900ns).
2023-05-03 21:15:07,914 WARN c.z.h.p.HikariPool[HikariPool-1 housekeeper] HikariPool-1 - Thread starvation or clock leap detected (housekeeper delta=51s195ms480µs600ns).
2023-05-03 21:18:41,383 WARN c.z.h.p.HikariPool[HikariPool-1 housekeeper] HikariPool-1 - Thread starvation or clock leap detected (housekeeper delta=1m32s649ms164µs).
2023-05-03 21:24:39,734 WARN c.z.h.p.HikariPool[HikariPool-1 housekeeper] HikariPool-1 - Thread starvation or clock leap detected (housekeeper delta=5m58s350ms698µs200ns).
2023-05-03 22:18:35,646 WARN c.z.h.p.HikariPool[HikariPool-1 housekeeper] HikariPool-1 - Thread starvation or clock leap detected (housekeeper delta=49s335ms854µs200ns).
2023-05-03 22:53:14,104 WARN c.z.h.p.HikariPool[HikariPool-1 housekeeper] HikariPool-1 - Thread starvation or clock leap detected (housekeeper delta=51s499ms37µs800ns).
2023-05-03 22:54:06,375 WARN c.z.h.p.HikariPool[HikariPool-1 housekeeper] HikariPool-1 - Thread starvation or clock leap detected (housekeeper delta=56s570ms570µs300ns).
2023-05-03 23:21:06,881 WARN c.z.h.p.HikariPool[HikariPool-1 housekeeper] HikariPool-1 - Thread starvation or clock leap detected (housekeeper delta=1m13s785ms350µs800ns).
2023-05-03 23:22:49,462 WARN c.z.h.p.HikariPool[HikariPool-1 housekeeper] HikariPool-1 - Thread starvation or clock leap detected (housekeeper delta=1m58s547ms312µs800ns).
