2023-05-04 02:57:47,831 WARN c.z.h.p.HikariPool[HikariPool-1 housekeeper] HikariPool-1 - Thread starvation or clock leap detected (housekeeper delta=2h59m46s572ms691µs300ns).
2023-05-04 02:59:31,233 WARN c.z.h.p.HikariPool[HikariPool-1 housekeeper] HikariPool-1 - Thread starvation or clock leap detected (housekeeper delta=2m14s567ms888µs300ns).
2023-05-04 08:54:38,758 INFO o.h.v.i.u.Version[background-preinit] HV000001: Hibernate Validator 8.0.0.Final
2023-05-04 08:54:47,555 INFO c.h.c.e.CapstoneEmployeeProjectApplication[main] Starting CapstoneEmployeeProjectApplication using Java 17.0.6 with PID 6236 (C:\Users\skps1\Downloads\capstone-employee-project (2)\capstone-employee-project\bin\main started by skps1 in C:\Users\skps1\Downloads\capstone-employee-project (2)\capstone-employee-project)
2023-05-04 08:54:47,577 INFO c.h.c.e.CapstoneEmployeeProjectApplication[main] No active profile set, falling back to 1 default profile: "default"
2023-05-04 08:55:33,988 INFO o.s.d.r.c.RepositoryConfigurationDelegate[main] Bootstrapping Spring Data JPA repositories in DEFAULT mode.
2023-05-04 08:55:34,678 INFO o.s.d.r.c.RepositoryConfigurationDelegate[main] Finished Spring Data repository scanning in 548 ms. Found 1 JPA repository interfaces.
2023-05-04 08:55:42,883 INFO o.s.b.w.e.t.TomcatWebServer[main] Tomcat initialized with port(s): 8989 (https)
2023-05-04 08:55:42,966 INFO o.a.c.h.Http11NioProtocol[main] Initializing ProtocolHandler ["https-jsse-nio-8989"]
2023-05-04 08:55:42,973 INFO o.a.c.c.StandardService[main] Starting service [Tomcat]
2023-05-04 08:55:42,973 INFO o.a.c.c.StandardEngine[main] Starting Servlet engine: [Apache Tomcat/10.1.8]
2023-05-04 08:55:43,920 INFO o.a.c.c.C.[.[.[/][main] Initializing Spring embedded WebApplicationContext
2023-05-04 08:55:43,922 INFO o.s.b.w.s.c.ServletWebServerApplicationContext[main] Root WebApplicationContext: initialization completed in 53954 ms
2023-05-04 08:55:45,280 INFO o.h.j.i.u.LogHelper[main] HHH000204: Processing PersistenceUnitInfo [name: default]
2023-05-04 08:55:46,176 INFO o.h.Version[main] HHH000412: Hibernate ORM core version 6.1.7.Final
2023-05-04 08:55:48,896 INFO c.z.h.HikariDataSource[main] HikariPool-1 - Starting...
2023-05-04 08:55:55,540 INFO c.z.h.p.HikariPool[main] HikariPool-1 - Added connection com.mysql.cj.jdbc.ConnectionImpl@c0013b8
2023-05-04 08:55:55,548 INFO c.z.h.HikariDataSource[main] HikariPool-1 - Start completed.
2023-05-04 08:55:57,155 INFO SQL dialect[main] HHH000400: Using dialect: org.hibernate.dialect.MySQLDialect
2023-05-04 08:56:04,585 INFO o.h.e.t.j.p.i.JtaPlatformInitiator[main] HHH000490: Using JtaPlatform implementation: [org.hibernate.engine.transaction.jta.platform.internal.NoJtaPlatform]
2023-05-04 08:56:04,755 INFO o.s.o.j.LocalContainerEntityManagerFactoryBean[main] Initialized JPA EntityManagerFactory for persistence unit 'default'
2023-05-04 08:56:07,599 WARN o.s.b.a.o.j.JpaBaseConfiguration$JpaWebConfiguration[main] spring.jpa.open-in-view is enabled by default. Therefore, database queries may be performed during view rendering. Explicitly configure spring.jpa.open-in-view to disable this warning
2023-05-04 08:56:09,952 INFO o.a.c.h.Http11NioProtocol[main] Starting ProtocolHandler ["https-jsse-nio-8989"]
2023-05-04 08:56:10,814 INFO o.a.t.u.n.N.certificate[main] Connector [https-jsse-nio-8989], TLS virtual host [_default_], certificate type [UNDEFINED] configured from [file:/C:/Users/skps1/Downloads/capstone-employee-project%20(2)/capstone-employee-project/bin/main/capstoneemployee.jks] using alias [capstone-https] and with trust store [null]
2023-05-04 08:56:11,231 INFO o.s.b.w.e.t.TomcatWebServer[main] Tomcat started on port(s): 8989 (https) with context path ''
2023-05-04 08:56:11,264 INFO c.h.c.e.CapstoneEmployeeProjectApplication[main] Started CapstoneEmployeeProjectApplication in 111.944 seconds (process running for 214.987)
2023-05-04 09:41:13,106 INFO o.a.c.c.C.[.[.[/][https-jsse-nio-8989-exec-6] Initializing Spring DispatcherServlet 'dispatcherServlet'
2023-05-04 09:41:13,135 INFO o.s.w.s.DispatcherServlet[https-jsse-nio-8989-exec-6] Initializing Servlet 'dispatcherServlet'
2023-05-04 09:41:13,718 INFO o.s.w.s.DispatcherServlet[https-jsse-nio-8989-exec-6] Completed initialization in 573 ms
2023-05-04 09:41:14,229 WARN o.s.c.LocalVariableTableParameterNameDiscoverer[https-jsse-nio-8989-exec-6] Using deprecated '-debug' fallback for parameter name resolution. Compile the affected code with '-parameters' instead or avoid its introspection: com.hdfc.capstone.employee.controller.EmployeeController
2023-05-04 10:20:26,766 WARN c.z.h.p.HikariPool[HikariPool-1 housekeeper] HikariPool-1 - Thread starvation or clock leap detected (housekeeper delta=1m29s851ms140µs300ns).
2023-05-04 15:24:11,723 INFO o.s.b.a.SpringApplicationAdminMXBeanRegistrar$SpringApplicationAdmin[RMI TCP Connection(439)-127.0.0.1] Application shutdown requested.
2023-05-04 15:24:11,851 INFO o.a.c.h.Http11NioProtocol[RMI TCP Connection(439)-127.0.0.1] Pausing ProtocolHandler ["https-jsse-nio-8989"]
2023-05-04 15:24:11,852 INFO o.a.c.c.StandardService[RMI TCP Connection(439)-127.0.0.1] Stopping service [Tomcat]
2023-05-04 15:24:11,884 INFO o.a.c.c.C.[.[.[/][RMI TCP Connection(439)-127.0.0.1] Destroying Spring FrameworkServlet 'dispatcherServlet'
2023-05-04 15:24:11,912 INFO o.a.c.h.Http11NioProtocol[RMI TCP Connection(439)-127.0.0.1] Stopping ProtocolHandler ["https-jsse-nio-8989"]
2023-05-04 15:24:11,946 INFO o.a.c.h.Http11NioProtocol[RMI TCP Connection(439)-127.0.0.1] Destroying ProtocolHandler ["https-jsse-nio-8989"]
2023-05-04 15:24:11,978 INFO o.s.o.j.LocalContainerEntityManagerFactoryBean[RMI TCP Connection(439)-127.0.0.1] Closing JPA EntityManagerFactory for persistence unit 'default'
2023-05-04 15:24:12,000 INFO c.z.h.HikariDataSource[RMI TCP Connection(439)-127.0.0.1] HikariPool-1 - Shutdown initiated...
2023-05-04 15:24:12,043 INFO c.z.h.HikariDataSource[RMI TCP Connection(439)-127.0.0.1] HikariPool-1 - Shutdown completed.
2023-05-04 15:24:18,635 INFO o.h.v.i.u.Version[background-preinit] HV000001: Hibernate Validator 8.0.0.Final
2023-05-04 15:24:18,979 INFO c.h.c.e.CapstoneEmployeeProjectApplication[main] Starting CapstoneEmployeeProjectApplication using Java 17.0.6 with PID 9632 (C:\Users\skps1\Downloads\capstone-employee-project (2)\capstone-employee-project\bin\main started by skps1 in C:\Users\skps1\Downloads\capstone-employee-project (2)\capstone-employee-project)
2023-05-04 15:24:18,982 INFO c.h.c.e.CapstoneEmployeeProjectApplication[main] No active profile set, falling back to 1 default profile: "default"
2023-05-04 15:24:21,119 INFO o.s.d.r.c.RepositoryConfigurationDelegate[main] Bootstrapping Spring Data JPA repositories in DEFAULT mode.
2023-05-04 15:24:21,243 INFO o.s.d.r.c.RepositoryConfigurationDelegate[main] Finished Spring Data repository scanning in 99 ms. Found 1 JPA repository interfaces.
2023-05-04 15:24:22,503 INFO o.s.b.w.e.t.TomcatWebServer[main] Tomcat initialized with port(s): 8989 (https)
2023-05-04 15:24:22,526 INFO o.a.c.h.Http11NioProtocol[main] Initializing ProtocolHandler ["https-jsse-nio-8989"]
2023-05-04 15:24:22,533 INFO o.a.c.c.StandardService[main] Starting service [Tomcat]
2023-05-04 15:24:22,534 INFO o.a.c.c.StandardEngine[main] Starting Servlet engine: [Apache Tomcat/10.1.8]
2023-05-04 15:24:22,842 INFO o.a.c.c.C.[.[.[/][main] Initializing Spring embedded WebApplicationContext
2023-05-04 15:24:22,842 INFO o.s.b.w.s.c.ServletWebServerApplicationContext[main] Root WebApplicationContext: initialization completed in 3733 ms
2023-05-04 15:24:23,193 INFO c.z.h.HikariDataSource[main] HikariPool-1 - Starting...
2023-05-04 15:24:24,372 ERROR c.z.h.p.HikariPool[main] HikariPool-1 - Exception during pool initialization.
com.mysql.cj.jdbc.exceptions.CommunicationsException: Communications link failure

The last packet sent successfully to the server was 0 milliseconds ago. The driver has not received any packets from the server.
	at com.mysql.cj.jdbc.exceptions.SQLError.createCommunicationsException(SQLError.java:175)
	at com.mysql.cj.jdbc.exceptions.SQLExceptionsMapping.translateException(SQLExceptionsMapping.java:64)
	at com.mysql.cj.jdbc.ConnectionImpl.createNewIO(ConnectionImpl.java:825)
	at com.mysql.cj.jdbc.ConnectionImpl.<init>(ConnectionImpl.java:446)
	at com.mysql.cj.jdbc.ConnectionImpl.getInstance(ConnectionImpl.java:239)
	at com.mysql.cj.jdbc.NonRegisteringDriver.connect(NonRegisteringDriver.java:188)
	at com.zaxxer.hikari.util.DriverDataSource.getConnection(DriverDataSource.java:138)
	at com.zaxxer.hikari.pool.PoolBase.newConnection(PoolBase.java:359)
	at com.zaxxer.hikari.pool.PoolBase.newPoolEntry(PoolBase.java:201)
	at com.zaxxer.hikari.pool.HikariPool.createPoolEntry(HikariPool.java:470)
	at com.zaxxer.hikari.pool.HikariPool.checkFailFast(HikariPool.java:561)
	at com.zaxxer.hikari.pool.HikariPool.<init>(HikariPool.java:100)
	at com.zaxxer.hikari.HikariDataSource.getConnection(HikariDataSource.java:112)
	at org.springframework.jdbc.datasource.DataSourceUtils.fetchConnection(DataSourceUtils.java:159)
	at org.springframework.jdbc.datasource.DataSourceUtils.doGetConnection(DataSourceUtils.java:117)
	at org.springframework.jdbc.datasource.DataSourceUtils.getConnection(DataSourceUtils.java:80)
	at org.springframework.jdbc.core.JdbcTemplate.execute(JdbcTemplate.java:330)
	at org.springframework.boot.jdbc.EmbeddedDatabaseConnection.isEmbedded(EmbeddedDatabaseConnection.java:168)
	at org.springframework.boot.autoconfigure.orm.jpa.HibernateDefaultDdlAutoProvider.getDefaultDdlAuto(HibernateDefaultDdlAutoProvider.java:42)
	at org.springframework.boot.autoconfigure.orm.jpa.HibernateJpaConfiguration.lambda$getVendorProperties$1(HibernateJpaConfiguration.java:129)
	at org.springframework.boot.autoconfigure.orm.jpa.HibernateSettings.getDdlAuto(HibernateSettings.java:41)
	at org.springframework.boot.autoconfigure.orm.jpa.HibernateProperties.determineDdlAuto(HibernateProperties.java:118)
	at org.springframework.boot.autoconfigure.orm.jpa.HibernateProperties.getAdditionalProperties(HibernateProperties.java:87)
	at org.springframework.boot.autoconfigure.orm.jpa.HibernateProperties.determineHibernateProperties(HibernateProperties.java:80)
	at org.springframework.boot.autoconfigure.orm.jpa.HibernateJpaConfiguration.getVendorProperties(HibernateJpaConfiguration.java:130)
	at org.springframework.boot.autoconfigure.orm.jpa.JpaBaseConfiguration.entityManagerFactory(JpaBaseConfiguration.java:131)
	at java.base/jdk.internal.reflect.NativeMethodAccessorImpl.invoke0(Native Method)
	at java.base/jdk.internal.reflect.NativeMethodAccessorImpl.invoke(NativeMethodAccessorImpl.java:77)
	at java.base/jdk.internal.reflect.DelegatingMethodAccessorImpl.invoke(DelegatingMethodAccessorImpl.java:43)
	at java.base/java.lang.reflect.Method.invoke(Method.java:568)
	at org.springframework.beans.factory.support.SimpleInstantiationStrategy.instantiate(SimpleInstantiationStrategy.java:139)
	at org.springframework.beans.factory.support.ConstructorResolver.instantiate(ConstructorResolver.java:655)
	at org.springframework.beans.factory.support.ConstructorResolver.instantiateUsingFactoryMethod(ConstructorResolver.java:647)
	at org.springframework.beans.factory.support.AbstractAutowireCapableBeanFactory.instantiateUsingFactoryMethod(AbstractAutowireCapableBeanFactory.java:1332)
	at org.springframework.beans.factory.support.AbstractAutowireCapableBeanFactory.createBeanInstance(AbstractAutowireCapableBeanFactory.java:1162)
	at org.springframework.beans.factory.support.AbstractAutowireCapableBeanFactory.doCreateBean(AbstractAutowireCapableBeanFactory.java:560)
	at org.springframework.beans.factory.support.AbstractAutowireCapableBeanFactory.createBean(AbstractAutowireCapableBeanFactory.java:520)
	at org.springframework.beans.factory.support.AbstractBeanFactory.lambda$doGetBean$0(AbstractBeanFactory.java:326)
	at org.springframework.beans.factory.support.DefaultSingletonBeanRegistry.getSingleton(DefaultSingletonBeanRegistry.java:234)
	at org.springframework.beans.factory.support.AbstractBeanFactory.doGetBean(AbstractBeanFactory.java:324)
	at org.springframework.beans.factory.support.AbstractBeanFactory.getBean(AbstractBeanFactory.java:200)
	at org.springframework.context.support.AbstractApplicationContext.getBean(AbstractApplicationContext.java:1132)
	at org.springframework.context.support.AbstractApplicationContext.finishBeanFactoryInitialization(AbstractApplicationContext.java:907)
	at org.springframework.context.support.AbstractApplicationContext.refresh(AbstractApplicationContext.java:584)
	at org.springframework.boot.web.servlet.context.ServletWebServerApplicationContext.refresh(ServletWebServerApplicationContext.java:146)
	at org.springframework.boot.SpringApplication.refresh(SpringApplication.java:732)
	at org.springframework.boot.SpringApplication.refreshContext(SpringApplication.java:434)
	at org.springframework.boot.SpringApplication.run(SpringApplication.java:310)
	at org.springframework.boot.SpringApplication.run(SpringApplication.java:1304)
	at org.springframework.boot.SpringApplication.run(SpringApplication.java:1293)
	at com.hdfc.capstone.employee.CapstoneEmployeeProjectApplication.main(CapstoneEmployeeProjectApplication.java:10)
Caused by: com.mysql.cj.exceptions.CJCommunicationsException: Communications link failure

The last packet sent successfully to the server was 0 milliseconds ago. The driver has not received any packets from the server.
	at java.base/jdk.internal.reflect.NativeConstructorAccessorImpl.newInstance0(Native Method)
	at java.base/jdk.internal.reflect.NativeConstructorAccessorImpl.newInstance(NativeConstructorAccessorImpl.java:77)
	at java.base/jdk.internal.reflect.DelegatingConstructorAccessorImpl.newInstance(DelegatingConstructorAccessorImpl.java:45)
	at java.base/java.lang.reflect.Constructor.newInstanceWithCaller(Constructor.java:499)
	at java.base/java.lang.reflect.Constructor.newInstance(Constructor.java:480)
	at com.mysql.cj.exceptions.ExceptionFactory.createException(ExceptionFactory.java:62)
	at com.mysql.cj.exceptions.ExceptionFactory.createException(ExceptionFactory.java:105)
	at com.mysql.cj.exceptions.ExceptionFactory.createException(ExceptionFactory.java:150)
	at com.mysql.cj.exceptions.ExceptionFactory.createCommunicationsException(ExceptionFactory.java:166)
	at com.mysql.cj.protocol.a.NativeSocketConnection.connect(NativeSocketConnection.java:89)
	at com.mysql.cj.NativeSession.connect(NativeSession.java:121)
	at com.mysql.cj.jdbc.ConnectionImpl.connectOneTryOnly(ConnectionImpl.java:945)
	at com.mysql.cj.jdbc.ConnectionImpl.createNewIO(ConnectionImpl.java:815)
	... 48 common frames omitted
Caused by: java.net.UnknownHostException: No such host is known (${DB_HOST})
	at java.base/java.net.Inet6AddressImpl.lookupAllHostAddr(Native Method)
	at java.base/java.net.InetAddress$PlatformNameService.lookupAllHostAddr(InetAddress.java:933)
	at java.base/java.net.InetAddress.getAddressesFromNameService(InetAddress.java:1534)
	at java.base/java.net.InetAddress$NameServiceAddresses.get(InetAddress.java:852)
	at java.base/java.net.InetAddress.getAllByName0(InetAddress.java:1524)
	at java.base/java.net.InetAddress.getAllByName(InetAddress.java:1381)
	at java.base/java.net.InetAddress.getAllByName(InetAddress.java:1305)
	at com.mysql.cj.protocol.StandardSocketFactory.connect(StandardSocketFactory.java:130)
	at com.mysql.cj.protocol.a.NativeSocketConnection.connect(NativeSocketConnection.java:63)
	... 51 common frames omitted
2023-05-04 15:24:24,555 INFO o.h.j.i.u.LogHelper[main] HHH000204: Processing PersistenceUnitInfo [name: default]
2023-05-04 15:24:24,702 INFO o.h.Version[main] HHH000412: Hibernate ORM core version 6.1.7.Final
2023-05-04 15:24:25,378 INFO c.z.h.HikariDataSource[main] HikariPool-1 - Starting...
2023-05-04 15:24:26,382 ERROR c.z.h.p.HikariPool[main] HikariPool-1 - Exception during pool initialization.
com.mysql.cj.jdbc.exceptions.CommunicationsException: Communications link failure

The last packet sent successfully to the server was 0 milliseconds ago. The driver has not received any packets from the server.
	at com.mysql.cj.jdbc.exceptions.SQLError.createCommunicationsException(SQLError.java:175)
	at com.mysql.cj.jdbc.exceptions.SQLExceptionsMapping.translateException(SQLExceptionsMapping.java:64)
	at com.mysql.cj.jdbc.ConnectionImpl.createNewIO(ConnectionImpl.java:825)
	at com.mysql.cj.jdbc.ConnectionImpl.<init>(ConnectionImpl.java:446)
	at com.mysql.cj.jdbc.ConnectionImpl.getInstance(ConnectionImpl.java:239)
	at com.mysql.cj.jdbc.NonRegisteringDriver.connect(NonRegisteringDriver.java:188)
	at com.zaxxer.hikari.util.DriverDataSource.getConnection(DriverDataSource.java:138)
	at com.zaxxer.hikari.pool.PoolBase.newConnection(PoolBase.java:359)
	at com.zaxxer.hikari.pool.PoolBase.newPoolEntry(PoolBase.java:201)
	at com.zaxxer.hikari.pool.HikariPool.createPoolEntry(HikariPool.java:470)
	at com.zaxxer.hikari.pool.HikariPool.checkFailFast(HikariPool.java:561)
	at com.zaxxer.hikari.pool.HikariPool.<init>(HikariPool.java:100)
	at com.zaxxer.hikari.HikariDataSource.getConnection(HikariDataSource.java:112)
	at org.hibernate.engine.jdbc.connections.internal.DatasourceConnectionProviderImpl.getConnection(DatasourceConnectionProviderImpl.java:122)
	at org.hibernate.engine.jdbc.env.internal.JdbcEnvironmentInitiator$ConnectionProviderJdbcConnectionAccess.obtainConnection(JdbcEnvironmentInitiator.java:284)
	at org.hibernate.engine.jdbc.env.internal.JdbcEnvironmentInitiator.initiateService(JdbcEnvironmentInitiator.java:177)
	at org.hibernate.engine.jdbc.env.internal.JdbcEnvironmentInitiator.initiateService(JdbcEnvironmentInitiator.java:36)
	at org.hibernate.boot.registry.internal.StandardServiceRegistryImpl.initiateService(StandardServiceRegistryImpl.java:119)
	at org.hibernate.service.internal.AbstractServiceRegistryImpl.createService(AbstractServiceRegistryImpl.java:255)
	at org.hibernate.service.internal.AbstractServiceRegistryImpl.initializeService(AbstractServiceRegistryImpl.java:230)
	at org.hibernate.service.internal.AbstractServiceRegistryImpl.getService(AbstractServiceRegistryImpl.java:207)
	at org.hibernate.boot.model.relational.Database.<init>(Database.java:44)
	at org.hibernate.boot.internal.InFlightMetadataCollectorImpl.getDatabase(InFlightMetadataCollectorImpl.java:218)
	at org.hibernate.boot.internal.InFlightMetadataCollectorImpl.<init>(InFlightMetadataCollectorImpl.java:191)
	at org.hibernate.boot.model.process.spi.MetadataBuildingProcess.complete(MetadataBuildingProcess.java:138)
	at org.hibernate.jpa.boot.internal.EntityManagerFactoryBuilderImpl.metadata(EntityManagerFactoryBuilderImpl.java:1348)
	at org.hibernate.jpa.boot.internal.EntityManagerFactoryBuilderImpl.build(EntityManagerFactoryBuilderImpl.java:1419)
	at org.springframework.orm.jpa.vendor.SpringHibernateJpaPersistenceProvider.createContainerEntityManagerFactory(SpringHibernateJpaPersistenceProvider.java:66)
	at org.springframework.orm.jpa.LocalContainerEntityManagerFactoryBean.createNativeEntityManagerFactory(LocalContainerEntityManagerFactoryBean.java:376)
	at org.springframework.orm.jpa.AbstractEntityManagerFactoryBean.buildNativeEntityManagerFactory(AbstractEntityManagerFactoryBean.java:409)
	at org.springframework.orm.jpa.AbstractEntityManagerFactoryBean.afterPropertiesSet(AbstractEntityManagerFactoryBean.java:396)
	at org.springframework.orm.jpa.LocalContainerEntityManagerFactoryBean.afterPropertiesSet(LocalContainerEntityManagerFactoryBean.java:352)
	at org.springframework.beans.factory.support.AbstractAutowireCapableBeanFactory.invokeInitMethods(AbstractAutowireCapableBeanFactory.java:1816)
	at org.springframework.beans.factory.support.AbstractAutowireCapableBeanFactory.initializeBean(AbstractAutowireCapableBeanFactory.java:1766)
	at org.springframework.beans.factory.support.AbstractAutowireCapableBeanFactory.doCreateBean(AbstractAutowireCapableBeanFactory.java:598)
	at org.springframework.beans.factory.support.AbstractAutowireCapableBeanFactory.createBean(AbstractAutowireCapableBeanFactory.java:520)
	at org.springframework.beans.factory.support.AbstractBeanFactory.lambda$doGetBean$0(AbstractBeanFactory.java:326)
	at org.springframework.beans.factory.support.DefaultSingletonBeanRegistry.getSingleton(DefaultSingletonBeanRegistry.java:234)
	at org.springframework.beans.factory.support.AbstractBeanFactory.doGetBean(AbstractBeanFactory.java:324)
	at org.springframework.beans.factory.support.AbstractBeanFactory.getBean(AbstractBeanFactory.java:200)
	at org.springframework.context.support.AbstractApplicationContext.getBean(AbstractApplicationContext.java:1132)
	at org.springframework.context.support.AbstractApplicationContext.finishBeanFactoryInitialization(AbstractApplicationContext.java:907)
	at org.springframework.context.support.AbstractApplicationContext.refresh(AbstractApplicationContext.java:584)
	at org.springframework.boot.web.servlet.context.ServletWebServerApplicationContext.refresh(ServletWebServerApplicationContext.java:146)
	at org.springframework.boot.SpringApplication.refresh(SpringApplication.java:732)
	at org.springframework.boot.SpringApplication.refreshContext(SpringApplication.java:434)
	at org.springframework.boot.SpringApplication.run(SpringApplication.java:310)
	at org.springframework.boot.SpringApplication.run(SpringApplication.java:1304)
	at org.springframework.boot.SpringApplication.run(SpringApplication.java:1293)
	at com.hdfc.capstone.employee.CapstoneEmployeeProjectApplication.main(CapstoneEmployeeProjectApplication.java:10)
Caused by: com.mysql.cj.exceptions.CJCommunicationsException: Communications link failure

The last packet sent successfully to the server was 0 milliseconds ago. The driver has not received any packets from the server.
	at java.base/jdk.internal.reflect.NativeConstructorAccessorImpl.newInstance0(Native Method)
	at java.base/jdk.internal.reflect.NativeConstructorAccessorImpl.newInstance(NativeConstructorAccessorImpl.java:77)
	at java.base/jdk.internal.reflect.DelegatingConstructorAccessorImpl.newInstance(DelegatingConstructorAccessorImpl.java:45)
	at java.base/java.lang.reflect.Constructor.newInstanceWithCaller(Constructor.java:499)
	at java.base/java.lang.reflect.Constructor.newInstance(Constructor.java:480)
	at com.mysql.cj.exceptions.ExceptionFactory.createException(ExceptionFactory.java:62)
	at com.mysql.cj.exceptions.ExceptionFactory.createException(ExceptionFactory.java:105)
	at com.mysql.cj.exceptions.ExceptionFactory.createException(ExceptionFactory.java:150)
	at com.mysql.cj.exceptions.ExceptionFactory.createCommunicationsException(ExceptionFactory.java:166)
	at com.mysql.cj.protocol.a.NativeSocketConnection.connect(NativeSocketConnection.java:89)
	at com.mysql.cj.NativeSession.connect(NativeSession.java:121)
	at com.mysql.cj.jdbc.ConnectionImpl.connectOneTryOnly(ConnectionImpl.java:945)
	at com.mysql.cj.jdbc.ConnectionImpl.createNewIO(ConnectionImpl.java:815)
	... 47 common frames omitted
Caused by: java.net.UnknownHostException: ${DB_HOST}
	at java.base/java.net.InetAddress$CachedAddresses.get(InetAddress.java:801)
	at java.base/java.net.InetAddress.getAllByName0(InetAddress.java:1524)
	at java.base/java.net.InetAddress.getAllByName(InetAddress.java:1381)
	at java.base/java.net.InetAddress.getAllByName(InetAddress.java:1305)
	at com.mysql.cj.protocol.StandardSocketFactory.connect(StandardSocketFactory.java:130)
	at com.mysql.cj.protocol.a.NativeSocketConnection.connect(NativeSocketConnection.java:63)
	... 50 common frames omitted
2023-05-04 15:24:26,384 WARN o.h.e.j.e.i.JdbcEnvironmentInitiator[main] HHH000342: Could not obtain connection to query metadata
com.mysql.cj.jdbc.exceptions.CommunicationsException: Communications link failure

The last packet sent successfully to the server was 0 milliseconds ago. The driver has not received any packets from the server.
	at com.mysql.cj.jdbc.exceptions.SQLError.createCommunicationsException(SQLError.java:175)
	at com.mysql.cj.jdbc.exceptions.SQLExceptionsMapping.translateException(SQLExceptionsMapping.java:64)
	at com.mysql.cj.jdbc.ConnectionImpl.createNewIO(ConnectionImpl.java:825)
	at com.mysql.cj.jdbc.ConnectionImpl.<init>(ConnectionImpl.java:446)
	at com.mysql.cj.jdbc.ConnectionImpl.getInstance(ConnectionImpl.java:239)
	at com.mysql.cj.jdbc.NonRegisteringDriver.connect(NonRegisteringDriver.java:188)
	at com.zaxxer.hikari.util.DriverDataSource.getConnection(DriverDataSource.java:138)
	at com.zaxxer.hikari.pool.PoolBase.newConnection(PoolBase.java:359)
	at com.zaxxer.hikari.pool.PoolBase.newPoolEntry(PoolBase.java:201)
	at com.zaxxer.hikari.pool.HikariPool.createPoolEntry(HikariPool.java:470)
	at com.zaxxer.hikari.pool.HikariPool.checkFailFast(HikariPool.java:561)
	at com.zaxxer.hikari.pool.HikariPool.<init>(HikariPool.java:100)
	at com.zaxxer.hikari.HikariDataSource.getConnection(HikariDataSource.java:112)
	at org.hibernate.engine.jdbc.connections.internal.DatasourceConnectionProviderImpl.getConnection(DatasourceConnectionProviderImpl.java:122)
	at org.hibernate.engine.jdbc.env.internal.JdbcEnvironmentInitiator$ConnectionProviderJdbcConnectionAccess.obtainConnection(JdbcEnvironmentInitiator.java:284)
	at org.hibernate.engine.jdbc.env.internal.JdbcEnvironmentInitiator.initiateService(JdbcEnvironmentInitiator.java:177)
	at org.hibernate.engine.jdbc.env.internal.JdbcEnvironmentInitiator.initiateService(JdbcEnvironmentInitiator.java:36)
	at org.hibernate.boot.registry.internal.StandardServiceRegistryImpl.initiateService(StandardServiceRegistryImpl.java:119)
	at org.hibernate.service.internal.AbstractServiceRegistryImpl.createService(AbstractServiceRegistryImpl.java:255)
	at org.hibernate.service.internal.AbstractServiceRegistryImpl.initializeService(AbstractServiceRegistryImpl.java:230)
	at org.hibernate.service.internal.AbstractServiceRegistryImpl.getService(AbstractServiceRegistryImpl.java:207)
	at org.hibernate.boot.model.relational.Database.<init>(Database.java:44)
	at org.hibernate.boot.internal.InFlightMetadataCollectorImpl.getDatabase(InFlightMetadataCollectorImpl.java:218)
	at org.hibernate.boot.internal.InFlightMetadataCollectorImpl.<init>(InFlightMetadataCollectorImpl.java:191)
	at org.hibernate.boot.model.process.spi.MetadataBuildingProcess.complete(MetadataBuildingProcess.java:138)
	at org.hibernate.jpa.boot.internal.EntityManagerFactoryBuilderImpl.metadata(EntityManagerFactoryBuilderImpl.java:1348)
	at org.hibernate.jpa.boot.internal.EntityManagerFactoryBuilderImpl.build(EntityManagerFactoryBuilderImpl.java:1419)
	at org.springframework.orm.jpa.vendor.SpringHibernateJpaPersistenceProvider.createContainerEntityManagerFactory(SpringHibernateJpaPersistenceProvider.java:66)
	at org.springframework.orm.jpa.LocalContainerEntityManagerFactoryBean.createNativeEntityManagerFactory(LocalContainerEntityManagerFactoryBean.java:376)
	at org.springframework.orm.jpa.AbstractEntityManagerFactoryBean.buildNativeEntityManagerFactory(AbstractEntityManagerFactoryBean.java:409)
	at org.springframework.orm.jpa.AbstractEntityManagerFactoryBean.afterPropertiesSet(AbstractEntityManagerFactoryBean.java:396)
	at org.springframework.orm.jpa.LocalContainerEntityManagerFactoryBean.afterPropertiesSet(LocalContainerEntityManagerFactoryBean.java:352)
	at org.springframework.beans.factory.support.AbstractAutowireCapableBeanFactory.invokeInitMethods(AbstractAutowireCapableBeanFactory.java:1816)
	at org.springframework.beans.factory.support.AbstractAutowireCapableBeanFactory.initializeBean(AbstractAutowireCapableBeanFactory.java:1766)
	at org.springframework.beans.factory.support.AbstractAutowireCapableBeanFactory.doCreateBean(AbstractAutowireCapableBeanFactory.java:598)
	at org.springframework.beans.factory.support.AbstractAutowireCapableBeanFactory.createBean(AbstractAutowireCapableBeanFactory.java:520)
	at org.springframework.beans.factory.support.AbstractBeanFactory.lambda$doGetBean$0(AbstractBeanFactory.java:326)
	at org.springframework.beans.factory.support.DefaultSingletonBeanRegistry.getSingleton(DefaultSingletonBeanRegistry.java:234)
	at org.springframework.beans.factory.support.AbstractBeanFactory.doGetBean(AbstractBeanFactory.java:324)
	at org.springframework.beans.factory.support.AbstractBeanFactory.getBean(AbstractBeanFactory.java:200)
	at org.springframework.context.support.AbstractApplicationContext.getBean(AbstractApplicationContext.java:1132)
	at org.springframework.context.support.AbstractApplicationContext.finishBeanFactoryInitialization(AbstractApplicationContext.java:907)
	at org.springframework.context.support.AbstractApplicationContext.refresh(AbstractApplicationContext.java:584)
	at org.springframework.boot.web.servlet.context.ServletWebServerApplicationContext.refresh(ServletWebServerApplicationContext.java:146)
	at org.springframework.boot.SpringApplication.refresh(SpringApplication.java:732)
	at org.springframework.boot.SpringApplication.refreshContext(SpringApplication.java:434)
	at org.springframework.boot.SpringApplication.run(SpringApplication.java:310)
	at org.springframework.boot.SpringApplication.run(SpringApplication.java:1304)
	at org.springframework.boot.SpringApplication.run(SpringApplication.java:1293)
	at com.hdfc.capstone.employee.CapstoneEmployeeProjectApplication.main(CapstoneEmployeeProjectApplication.java:10)
Caused by: com.mysql.cj.exceptions.CJCommunicationsException: Communications link failure

The last packet sent successfully to the server was 0 milliseconds ago. The driver has not received any packets from the server.
	at java.base/jdk.internal.reflect.NativeConstructorAccessorImpl.newInstance0(Native Method)
	at java.base/jdk.internal.reflect.NativeConstructorAccessorImpl.newInstance(NativeConstructorAccessorImpl.java:77)
	at java.base/jdk.internal.reflect.DelegatingConstructorAccessorImpl.newInstance(DelegatingConstructorAccessorImpl.java:45)
	at java.base/java.lang.reflect.Constructor.newInstanceWithCaller(Constructor.java:499)
	at java.base/java.lang.reflect.Constructor.newInstance(Constructor.java:480)
	at com.mysql.cj.exceptions.ExceptionFactory.createException(ExceptionFactory.java:62)
	at com.mysql.cj.exceptions.ExceptionFactory.createException(ExceptionFactory.java:105)
	at com.mysql.cj.exceptions.ExceptionFactory.createException(ExceptionFactory.java:150)
	at com.mysql.cj.exceptions.ExceptionFactory.createCommunicationsException(ExceptionFactory.java:166)
	at com.mysql.cj.protocol.a.NativeSocketConnection.connect(NativeSocketConnection.java:89)
	at com.mysql.cj.NativeSession.connect(NativeSession.java:121)
	at com.mysql.cj.jdbc.ConnectionImpl.connectOneTryOnly(ConnectionImpl.java:945)
	at com.mysql.cj.jdbc.ConnectionImpl.createNewIO(ConnectionImpl.java:815)
	... 47 common frames omitted
Caused by: java.net.UnknownHostException: ${DB_HOST}
	at java.base/java.net.InetAddress$CachedAddresses.get(InetAddress.java:801)
	at java.base/java.net.InetAddress.getAllByName0(InetAddress.java:1524)
	at java.base/java.net.InetAddress.getAllByName(InetAddress.java:1381)
	at java.base/java.net.InetAddress.getAllByName(InetAddress.java:1305)
	at com.mysql.cj.protocol.StandardSocketFactory.connect(StandardSocketFactory.java:130)
	at com.mysql.cj.protocol.a.NativeSocketConnection.connect(NativeSocketConnection.java:63)
	... 50 common frames omitted
2023-05-04 15:24:26,393 ERROR o.s.o.j.LocalContainerEntityManagerFactoryBean[main] Failed to initialize JPA EntityManagerFactory: Unable to create requested service [org.hibernate.engine.jdbc.env.spi.JdbcEnvironment]
2023-05-04 15:24:26,394 WARN o.s.b.w.s.c.AnnotationConfigServletWebServerApplicationContext[main] Exception encountered during context initialization - cancelling refresh attempt: org.springframework.beans.factory.BeanCreationException: Error creating bean with name 'entityManagerFactory' defined in class path resource [org/springframework/boot/autoconfigure/orm/jpa/HibernateJpaConfiguration.class]: Unable to create requested service [org.hibernate.engine.jdbc.env.spi.JdbcEnvironment]
2023-05-04 15:24:26,401 INFO o.a.c.c.StandardService[main] Stopping service [Tomcat]
2023-05-04 15:24:26,419 INFO o.s.b.a.l.ConditionEvaluationReportLogger[main] 

Error starting ApplicationContext. To display the condition evaluation report re-run your application with 'debug' enabled.
2023-05-04 15:24:26,476 ERROR o.s.b.SpringApplication[main] Application run failed
org.springframework.beans.factory.BeanCreationException: Error creating bean with name 'entityManagerFactory' defined in class path resource [org/springframework/boot/autoconfigure/orm/jpa/HibernateJpaConfiguration.class]: Unable to create requested service [org.hibernate.engine.jdbc.env.spi.JdbcEnvironment]
	at org.springframework.beans.factory.support.AbstractAutowireCapableBeanFactory.initializeBean(AbstractAutowireCapableBeanFactory.java:1770)
	at org.springframework.beans.factory.support.AbstractAutowireCapableBeanFactory.doCreateBean(AbstractAutowireCapableBeanFactory.java:598)
	at org.springframework.beans.factory.support.AbstractAutowireCapableBeanFactory.createBean(AbstractAutowireCapableBeanFactory.java:520)
	at org.springframework.beans.factory.support.AbstractBeanFactory.lambda$doGetBean$0(AbstractBeanFactory.java:326)
	at org.springframework.beans.factory.support.DefaultSingletonBeanRegistry.getSingleton(DefaultSingletonBeanRegistry.java:234)
	at org.springframework.beans.factory.support.AbstractBeanFactory.doGetBean(AbstractBeanFactory.java:324)
	at org.springframework.beans.factory.support.AbstractBeanFactory.getBean(AbstractBeanFactory.java:200)
	at org.springframework.context.support.AbstractApplicationContext.getBean(AbstractApplicationContext.java:1132)
	at org.springframework.context.support.AbstractApplicationContext.finishBeanFactoryInitialization(AbstractApplicationContext.java:907)
	at org.springframework.context.support.AbstractApplicationContext.refresh(AbstractApplicationContext.java:584)
	at org.springframework.boot.web.servlet.context.ServletWebServerApplicationContext.refresh(ServletWebServerApplicationContext.java:146)
	at org.springframework.boot.SpringApplication.refresh(SpringApplication.java:732)
	at org.springframework.boot.SpringApplication.refreshContext(SpringApplication.java:434)
	at org.springframework.boot.SpringApplication.run(SpringApplication.java:310)
	at org.springframework.boot.SpringApplication.run(SpringApplication.java:1304)
	at org.springframework.boot.SpringApplication.run(SpringApplication.java:1293)
	at com.hdfc.capstone.employee.CapstoneEmployeeProjectApplication.main(CapstoneEmployeeProjectApplication.java:10)
Caused by: org.hibernate.service.spi.ServiceException: Unable to create requested service [org.hibernate.engine.jdbc.env.spi.JdbcEnvironment]
	at org.hibernate.service.internal.AbstractServiceRegistryImpl.createService(AbstractServiceRegistryImpl.java:267)
	at org.hibernate.service.internal.AbstractServiceRegistryImpl.initializeService(AbstractServiceRegistryImpl.java:230)
	at org.hibernate.service.internal.AbstractServiceRegistryImpl.getService(AbstractServiceRegistryImpl.java:207)
	at org.hibernate.boot.model.relational.Database.<init>(Database.java:44)
	at org.hibernate.boot.internal.InFlightMetadataCollectorImpl.getDatabase(InFlightMetadataCollectorImpl.java:218)
	at org.hibernate.boot.internal.InFlightMetadataCollectorImpl.<init>(InFlightMetadataCollectorImpl.java:191)
	at org.hibernate.boot.model.process.spi.MetadataBuildingProcess.complete(MetadataBuildingProcess.java:138)
	at org.hibernate.jpa.boot.internal.EntityManagerFactoryBuilderImpl.metadata(EntityManagerFactoryBuilderImpl.java:1348)
	at org.hibernate.jpa.boot.internal.EntityManagerFactoryBuilderImpl.build(EntityManagerFactoryBuilderImpl.java:1419)
	at org.springframework.orm.jpa.vendor.SpringHibernateJpaPersistenceProvider.createContainerEntityManagerFactory(SpringHibernateJpaPersistenceProvider.java:66)
	at org.springframework.orm.jpa.LocalContainerEntityManagerFactoryBean.createNativeEntityManagerFactory(LocalContainerEntityManagerFactoryBean.java:376)
	at org.springframework.orm.jpa.AbstractEntityManagerFactoryBean.buildNativeEntityManagerFactory(AbstractEntityManagerFactoryBean.java:409)
	at org.springframework.orm.jpa.AbstractEntityManagerFactoryBean.afterPropertiesSet(AbstractEntityManagerFactoryBean.java:396)
	at org.springframework.orm.jpa.LocalContainerEntityManagerFactoryBean.afterPropertiesSet(LocalContainerEntityManagerFactoryBean.java:352)
	at org.springframework.beans.factory.support.AbstractAutowireCapableBeanFactory.invokeInitMethods(AbstractAutowireCapableBeanFactory.java:1816)
	at org.springframework.beans.factory.support.AbstractAutowireCapableBeanFactory.initializeBean(AbstractAutowireCapableBeanFactory.java:1766)
	... 16 common frames omitted
Caused by: org.hibernate.HibernateException: Unable to determine Dialect without JDBC metadata (please set 'javax.persistence.jdbc.url', 'hibernate.connection.url', or 'hibernate.dialect')
	at org.hibernate.engine.jdbc.dialect.internal.DialectFactoryImpl.determineDialect(DialectFactoryImpl.java:147)
	at org.hibernate.engine.jdbc.dialect.internal.DialectFactoryImpl.buildDialect(DialectFactoryImpl.java:60)
	at org.hibernate.engine.jdbc.env.internal.JdbcEnvironmentInitiator.initiateService(JdbcEnvironmentInitiator.java:244)
	at org.hibernate.engine.jdbc.env.internal.JdbcEnvironmentInitiator.initiateService(JdbcEnvironmentInitiator.java:36)
	at org.hibernate.boot.registry.internal.StandardServiceRegistryImpl.initiateService(StandardServiceRegistryImpl.java:119)
	at org.hibernate.service.internal.AbstractServiceRegistryImpl.createService(AbstractServiceRegistryImpl.java:255)
	... 31 common frames omitted
2023-05-04 15:25:15,300 INFO o.h.v.i.u.Version[background-preinit] HV000001: Hibernate Validator 8.0.0.Final
2023-05-04 15:25:15,378 INFO c.h.c.e.CapstoneEmployeeProjectApplication[main] Starting CapstoneEmployeeProjectApplication using Java 17.0.6 with PID 12416 (C:\Users\skps1\Downloads\capstone-employee-project (2)\capstone-employee-project\bin\main started by skps1 in C:\Users\skps1\Downloads\capstone-employee-project (2)\capstone-employee-project)
2023-05-04 15:25:15,381 INFO c.h.c.e.CapstoneEmployeeProjectApplication[main] No active profile set, falling back to 1 default profile: "default"
2023-05-04 15:25:16,361 INFO o.s.d.r.c.RepositoryConfigurationDelegate[main] Bootstrapping Spring Data JPA repositories in DEFAULT mode.
2023-05-04 15:25:16,445 INFO o.s.d.r.c.RepositoryConfigurationDelegate[main] Finished Spring Data repository scanning in 70 ms. Found 1 JPA repository interfaces.
2023-05-04 15:25:17,218 INFO o.s.b.w.e.t.TomcatWebServer[main] Tomcat initialized with port(s): 8989 (https)
2023-05-04 15:25:17,234 INFO o.a.c.h.Http11NioProtocol[main] Initializing ProtocolHandler ["https-jsse-nio-8989"]
2023-05-04 15:25:17,242 INFO o.a.c.c.StandardService[main] Starting service [Tomcat]
2023-05-04 15:25:17,243 INFO o.a.c.c.StandardEngine[main] Starting Servlet engine: [Apache Tomcat/10.1.8]
2023-05-04 15:25:17,400 INFO o.a.c.c.C.[.[.[/][main] Initializing Spring embedded WebApplicationContext
2023-05-04 15:25:17,401 INFO o.s.b.w.s.c.ServletWebServerApplicationContext[main] Root WebApplicationContext: initialization completed in 1944 ms
2023-05-04 15:25:17,607 INFO o.h.j.i.u.LogHelper[main] HHH000204: Processing PersistenceUnitInfo [name: default]
2023-05-04 15:25:17,685 INFO o.h.Version[main] HHH000412: Hibernate ORM core version 6.1.7.Final
2023-05-04 15:25:18,130 INFO c.z.h.HikariDataSource[main] HikariPool-1 - Starting...
2023-05-04 15:25:18,704 INFO c.z.h.p.HikariPool[main] HikariPool-1 - Added connection com.mysql.cj.jdbc.ConnectionImpl@238ad211
2023-05-04 15:25:18,708 INFO c.z.h.HikariDataSource[main] HikariPool-1 - Start completed.
2023-05-04 15:25:19,150 INFO SQL dialect[main] HHH000400: Using dialect: org.hibernate.dialect.MySQLDialect
2023-05-04 15:25:20,937 INFO o.h.e.t.j.p.i.JtaPlatformInitiator[main] HHH000490: Using JtaPlatform implementation: [org.hibernate.engine.transaction.jta.platform.internal.NoJtaPlatform]
2023-05-04 15:25:20,976 INFO o.s.o.j.LocalContainerEntityManagerFactoryBean[main] Initialized JPA EntityManagerFactory for persistence unit 'default'
2023-05-04 15:25:22,002 WARN o.s.b.a.o.j.JpaBaseConfiguration$JpaWebConfiguration[main] spring.jpa.open-in-view is enabled by default. Therefore, database queries may be performed during view rendering. Explicitly configure spring.jpa.open-in-view to disable this warning
2023-05-04 15:25:22,647 INFO o.a.c.h.Http11NioProtocol[main] Starting ProtocolHandler ["https-jsse-nio-8989"]
2023-05-04 15:25:22,765 INFO o.a.t.u.n.N.certificate[main] Connector [https-jsse-nio-8989], TLS virtual host [_default_], certificate type [UNDEFINED] configured from [file:/C:/Users/skps1/Downloads/capstone-employee-project%20(2)/capstone-employee-project/bin/main/capstoneemployee.jks] using alias [capstone-https] and with trust store [null]
2023-05-04 15:25:22,795 INFO o.s.b.w.e.t.TomcatWebServer[main] Tomcat started on port(s): 8989 (https) with context path ''
2023-05-04 15:25:22,808 INFO c.h.c.e.CapstoneEmployeeProjectApplication[main] Started CapstoneEmployeeProjectApplication in 8.074 seconds (process running for 9.464)
2023-05-04 15:26:20,536 INFO o.a.c.c.C.[.[.[/][https-jsse-nio-8989-exec-6] Initializing Spring DispatcherServlet 'dispatcherServlet'
2023-05-04 15:26:20,537 INFO o.s.w.s.DispatcherServlet[https-jsse-nio-8989-exec-6] Initializing Servlet 'dispatcherServlet'
2023-05-04 15:26:20,539 INFO o.s.w.s.DispatcherServlet[https-jsse-nio-8989-exec-6] Completed initialization in 2 ms
2023-05-04 15:29:07,482 INFO o.s.b.a.SpringApplicationAdminMXBeanRegistrar$SpringApplicationAdmin[RMI TCP Connection(7)-127.0.0.1] Application shutdown requested.
2023-05-04 15:29:07,500 INFO o.a.c.h.Http11NioProtocol[RMI TCP Connection(7)-127.0.0.1] Pausing ProtocolHandler ["https-jsse-nio-8989"]
2023-05-04 15:29:07,500 INFO o.a.c.c.StandardService[RMI TCP Connection(7)-127.0.0.1] Stopping service [Tomcat]
2023-05-04 15:29:07,502 INFO o.a.c.c.C.[.[.[/][RMI TCP Connection(7)-127.0.0.1] Destroying Spring FrameworkServlet 'dispatcherServlet'
2023-05-04 15:29:07,508 INFO o.a.c.h.Http11NioProtocol[RMI TCP Connection(7)-127.0.0.1] Stopping ProtocolHandler ["https-jsse-nio-8989"]
2023-05-04 15:29:07,512 INFO o.a.c.h.Http11NioProtocol[RMI TCP Connection(7)-127.0.0.1] Destroying ProtocolHandler ["https-jsse-nio-8989"]
2023-05-04 15:29:07,515 INFO o.s.o.j.LocalContainerEntityManagerFactoryBean[RMI TCP Connection(7)-127.0.0.1] Closing JPA EntityManagerFactory for persistence unit 'default'
2023-05-04 15:29:07,518 INFO c.z.h.HikariDataSource[RMI TCP Connection(7)-127.0.0.1] HikariPool-1 - Shutdown initiated...
2023-05-04 15:29:07,559 INFO c.z.h.HikariDataSource[RMI TCP Connection(7)-127.0.0.1] HikariPool-1 - Shutdown completed.
2023-05-04 15:29:10,670 INFO o.h.v.i.u.Version[background-preinit] HV000001: Hibernate Validator 8.0.0.Final
2023-05-04 15:29:10,768 INFO c.h.c.e.CapstoneEmployeeProjectApplication[main] Starting CapstoneEmployeeProjectApplication using Java 17.0.6 with PID 10940 (C:\Users\skps1\Downloads\capstone-employee-project (2)\capstone-employee-project\bin\main started by skps1 in C:\Users\skps1\Downloads\capstone-employee-project (2)\capstone-employee-project)
2023-05-04 15:29:10,769 INFO c.h.c.e.CapstoneEmployeeProjectApplication[main] No active profile set, falling back to 1 default profile: "default"
2023-05-04 15:29:11,762 INFO o.s.d.r.c.RepositoryConfigurationDelegate[main] Bootstrapping Spring Data JPA repositories in DEFAULT mode.
2023-05-04 15:29:11,851 INFO o.s.d.r.c.RepositoryConfigurationDelegate[main] Finished Spring Data repository scanning in 75 ms. Found 1 JPA repository interfaces.
2023-05-04 15:29:12,584 INFO o.s.b.w.e.t.TomcatWebServer[main] Tomcat initialized with port(s): 8989 (https)
2023-05-04 15:29:12,599 INFO o.a.c.h.Http11NioProtocol[main] Initializing ProtocolHandler ["https-jsse-nio-8989"]
2023-05-04 15:29:12,606 INFO o.a.c.c.StandardService[main] Starting service [Tomcat]
2023-05-04 15:29:12,606 INFO o.a.c.c.StandardEngine[main] Starting Servlet engine: [Apache Tomcat/10.1.8]
2023-05-04 15:29:12,789 INFO o.a.c.c.C.[.[.[/][main] Initializing Spring embedded WebApplicationContext
2023-05-04 15:29:12,790 INFO o.s.b.w.s.c.ServletWebServerApplicationContext[main] Root WebApplicationContext: initialization completed in 1934 ms
2023-05-04 15:29:13,015 INFO o.h.j.i.u.LogHelper[main] HHH000204: Processing PersistenceUnitInfo [name: default]
2023-05-04 15:29:13,095 INFO o.h.Version[main] HHH000412: Hibernate ORM core version 6.1.7.Final
2023-05-04 15:29:13,539 INFO c.z.h.HikariDataSource[main] HikariPool-1 - Starting...
2023-05-04 15:29:14,025 INFO c.z.h.p.HikariPool[main] HikariPool-1 - Added connection com.mysql.cj.jdbc.ConnectionImpl@fee881
2023-05-04 15:29:14,030 INFO c.z.h.HikariDataSource[main] HikariPool-1 - Start completed.
2023-05-04 15:29:14,133 INFO SQL dialect[main] HHH000400: Using dialect: org.hibernate.dialect.MySQLDialect
2023-05-04 15:29:15,397 INFO o.h.e.t.j.p.i.JtaPlatformInitiator[main] HHH000490: Using JtaPlatform implementation: [org.hibernate.engine.transaction.jta.platform.internal.NoJtaPlatform]
2023-05-04 15:29:15,412 INFO o.s.o.j.LocalContainerEntityManagerFactoryBean[main] Initialized JPA EntityManagerFactory for persistence unit 'default'
2023-05-04 15:29:16,225 WARN o.s.b.a.o.j.JpaBaseConfiguration$JpaWebConfiguration[main] spring.jpa.open-in-view is enabled by default. Therefore, database queries may be performed during view rendering. Explicitly configure spring.jpa.open-in-view to disable this warning
2023-05-04 15:29:16,686 INFO o.a.c.h.Http11NioProtocol[main] Starting ProtocolHandler ["https-jsse-nio-8989"]
2023-05-04 15:29:16,816 INFO o.a.t.u.n.N.certificate[main] Connector [https-jsse-nio-8989], TLS virtual host [_default_], certificate type [UNDEFINED] configured from [file:/C:/Users/skps1/Downloads/capstone-employee-project%20(2)/capstone-employee-project/bin/main/capstoneemployee.jks] using alias [capstone-https] and with trust store [null]
2023-05-04 15:29:16,846 INFO o.s.b.w.e.t.TomcatWebServer[main] Tomcat started on port(s): 8989 (https) with context path ''
2023-05-04 15:29:16,858 INFO c.h.c.e.CapstoneEmployeeProjectApplication[main] Started CapstoneEmployeeProjectApplication in 6.755 seconds (process running for 8.086)
2023-05-04 15:29:24,725 INFO o.a.c.c.C.[.[.[/][https-jsse-nio-8989-exec-6] Initializing Spring DispatcherServlet 'dispatcherServlet'
2023-05-04 15:29:24,726 INFO o.s.w.s.DispatcherServlet[https-jsse-nio-8989-exec-6] Initializing Servlet 'dispatcherServlet'
2023-05-04 15:29:24,728 INFO o.s.w.s.DispatcherServlet[https-jsse-nio-8989-exec-6] Completed initialization in 2 ms
2023-05-04 15:33:14,072 INFO o.s.b.a.SpringApplicationAdminMXBeanRegistrar$SpringApplicationAdmin[RMI TCP Connection(6)-127.0.0.1] Application shutdown requested.
2023-05-04 15:33:14,089 INFO o.a.c.h.Http11NioProtocol[RMI TCP Connection(6)-127.0.0.1] Pausing ProtocolHandler ["https-jsse-nio-8989"]
2023-05-04 15:33:14,090 INFO o.a.c.c.StandardService[RMI TCP Connection(6)-127.0.0.1] Stopping service [Tomcat]
2023-05-04 15:33:14,092 INFO o.a.c.c.C.[.[.[/][RMI TCP Connection(6)-127.0.0.1] Destroying Spring FrameworkServlet 'dispatcherServlet'
2023-05-04 15:33:14,097 INFO o.a.c.h.Http11NioProtocol[RMI TCP Connection(6)-127.0.0.1] Stopping ProtocolHandler ["https-jsse-nio-8989"]
2023-05-04 15:33:14,102 INFO o.a.c.h.Http11NioProtocol[RMI TCP Connection(6)-127.0.0.1] Destroying ProtocolHandler ["https-jsse-nio-8989"]
2023-05-04 15:33:14,105 INFO o.s.o.j.LocalContainerEntityManagerFactoryBean[RMI TCP Connection(6)-127.0.0.1] Closing JPA EntityManagerFactory for persistence unit 'default'
2023-05-04 15:33:14,109 INFO c.z.h.HikariDataSource[RMI TCP Connection(6)-127.0.0.1] HikariPool-1 - Shutdown initiated...
2023-05-04 15:33:14,137 INFO c.z.h.HikariDataSource[RMI TCP Connection(6)-127.0.0.1] HikariPool-1 - Shutdown completed.
2023-05-04 15:33:17,381 INFO o.h.v.i.u.Version[background-preinit] HV000001: Hibernate Validator 8.0.0.Final
2023-05-04 15:33:17,459 INFO c.h.c.e.CapstoneEmployeeProjectApplication[main] Starting CapstoneEmployeeProjectApplication using Java 17.0.6 with PID 6896 (C:\Users\skps1\Downloads\capstone-employee-project (2)\capstone-employee-project\bin\main started by skps1 in C:\Users\skps1\Downloads\capstone-employee-project (2)\capstone-employee-project)
2023-05-04 15:33:17,461 INFO c.h.c.e.CapstoneEmployeeProjectApplication[main] No active profile set, falling back to 1 default profile: "default"
2023-05-04 15:33:18,453 INFO o.s.d.r.c.RepositoryConfigurationDelegate[main] Bootstrapping Spring Data JPA repositories in DEFAULT mode.
2023-05-04 15:33:18,538 INFO o.s.d.r.c.RepositoryConfigurationDelegate[main] Finished Spring Data repository scanning in 71 ms. Found 1 JPA repository interfaces.
2023-05-04 15:33:19,278 INFO o.s.b.w.e.t.TomcatWebServer[main] Tomcat initialized with port(s): 8989 (https)
2023-05-04 15:33:19,294 INFO o.a.c.h.Http11NioProtocol[main] Initializing ProtocolHandler ["https-jsse-nio-8989"]
2023-05-04 15:33:19,301 INFO o.a.c.c.StandardService[main] Starting service [Tomcat]
2023-05-04 15:33:19,301 INFO o.a.c.c.StandardEngine[main] Starting Servlet engine: [Apache Tomcat/10.1.8]
2023-05-04 15:33:19,449 INFO o.a.c.c.C.[.[.[/][main] Initializing Spring embedded WebApplicationContext
2023-05-04 15:33:19,450 INFO o.s.b.w.s.c.ServletWebServerApplicationContext[main] Root WebApplicationContext: initialization completed in 1907 ms
2023-05-04 15:33:19,679 INFO o.h.j.i.u.LogHelper[main] HHH000204: Processing PersistenceUnitInfo [name: default]
2023-05-04 15:33:19,756 INFO o.h.Version[main] HHH000412: Hibernate ORM core version 6.1.7.Final
2023-05-04 15:33:20,184 INFO c.z.h.HikariDataSource[main] HikariPool-1 - Starting...
2023-05-04 15:33:20,726 INFO c.z.h.p.HikariPool[main] HikariPool-1 - Added connection com.mysql.cj.jdbc.ConnectionImpl@5b3755f4
2023-05-04 15:33:20,730 INFO c.z.h.HikariDataSource[main] HikariPool-1 - Start completed.
2023-05-04 15:33:20,819 INFO SQL dialect[main] HHH000400: Using dialect: org.hibernate.dialect.MySQLDialect
2023-05-04 15:33:22,026 INFO o.h.e.t.j.p.i.JtaPlatformInitiator[main] HHH000490: Using JtaPlatform implementation: [org.hibernate.engine.transaction.jta.platform.internal.NoJtaPlatform]
2023-05-04 15:33:22,042 INFO o.s.o.j.LocalContainerEntityManagerFactoryBean[main] Initialized JPA EntityManagerFactory for persistence unit 'default'
2023-05-04 15:33:22,830 WARN o.s.b.a.o.j.JpaBaseConfiguration$JpaWebConfiguration[main] spring.jpa.open-in-view is enabled by default. Therefore, database queries may be performed during view rendering. Explicitly configure spring.jpa.open-in-view to disable this warning
2023-05-04 15:33:23,274 INFO o.a.c.h.Http11NioProtocol[main] Starting ProtocolHandler ["https-jsse-nio-8989"]
2023-05-04 15:33:23,385 INFO o.a.t.u.n.N.certificate[main] Connector [https-jsse-nio-8989], TLS virtual host [_default_], certificate type [UNDEFINED] configured from [file:/C:/Users/skps1/Downloads/capstone-employee-project%20(2)/capstone-employee-project/bin/main/capstoneemployee.jks] using alias [capstone-https] and with trust store [null]
2023-05-04 15:33:23,415 INFO o.s.b.w.e.t.TomcatWebServer[main] Tomcat started on port(s): 8989 (https) with context path ''
2023-05-04 15:33:23,428 INFO c.h.c.e.CapstoneEmployeeProjectApplication[main] Started CapstoneEmployeeProjectApplication in 6.639 seconds (process running for 8.0)
2023-05-04 15:33:32,326 INFO o.a.c.c.C.[.[.[/][https-jsse-nio-8989-exec-6] Initializing Spring DispatcherServlet 'dispatcherServlet'
2023-05-04 15:33:32,327 INFO o.s.w.s.DispatcherServlet[https-jsse-nio-8989-exec-6] Initializing Servlet 'dispatcherServlet'
2023-05-04 15:33:32,329 INFO o.s.w.s.DispatcherServlet[https-jsse-nio-8989-exec-6] Completed initialization in 2 ms
